Start testing: Nov 02 01:35 MSK
----------------------------------------------------------
1/3 Testing: TestTree_.Operator_equal
1/3 Test: TestTree_.Operator_equal
Command: "/media/yanelox/Новый том/linux_work/ilab_2year/Tree/gtest/build/my_test" "--gtest_filter=TestTree_.Operator_equal" "--gtest_also_run_disabled_tests"
Directory: /media/yanelox/Новый том/linux_work/ilab_2year/Tree/gtest/build
"TestTree_.Operator_equal" start time: Nov 02 01:35 MSK
Output:
----------------------------------------------------------
Running main() from /media/yanelox/Новый том/linux_work/ilab_2year/Tree/gtest/build/_deps/googletest-src/googletest/src/gtest_main.cc
Note: Google Test filter = TestTree_.Operator_equal
[==========] Running 1 test from 1 test suite.
[----------] Global test environment set-up.
[----------] 1 test from TestTree_
[ RUN      ] TestTree_.Operator_equal
[       OK ] TestTree_.Operator_equal (0 ms)
[----------] 1 test from TestTree_ (0 ms total)

[----------] Global test environment tear-down
[==========] 1 test from 1 test suite ran. (0 ms total)
[  PASSED  ] 1 test.
<end of output>
Test time =   0.00 sec
----------------------------------------------------------
Test Passed.
"TestTree_.Operator_equal" end time: Nov 02 01:35 MSK
"TestTree_.Operator_equal" time elapsed: 00:00:00
----------------------------------------------------------

2/3 Testing: TestTree_.CopyConstruct
2/3 Test: TestTree_.CopyConstruct
Command: "/media/yanelox/Новый том/linux_work/ilab_2year/Tree/gtest/build/my_test" "--gtest_filter=TestTree_.CopyConstruct" "--gtest_also_run_disabled_tests"
Directory: /media/yanelox/Новый том/linux_work/ilab_2year/Tree/gtest/build
"TestTree_.CopyConstruct" start time: Nov 02 01:35 MSK
Output:
----------------------------------------------------------
Running main() from /media/yanelox/Новый том/linux_work/ilab_2year/Tree/gtest/build/_deps/googletest-src/googletest/src/gtest_main.cc
Note: Google Test filter = TestTree_.CopyConstruct
[==========] Running 1 test from 1 test suite.
[----------] Global test environment set-up.
[----------] 1 test from TestTree_
[ RUN      ] TestTree_.CopyConstruct
[       OK ] TestTree_.CopyConstruct (0 ms)
[----------] 1 test from TestTree_ (0 ms total)

[----------] Global test environment tear-down
[==========] 1 test from 1 test suite ran. (0 ms total)
[  PASSED  ] 1 test.
<end of output>
Test time =   0.00 sec
----------------------------------------------------------
Test Passed.
"TestTree_.CopyConstruct" end time: Nov 02 01:35 MSK
"TestTree_.CopyConstruct" time elapsed: 00:00:00
----------------------------------------------------------

3/3 Testing: TestTree_.Operator_assignment
3/3 Test: TestTree_.Operator_assignment
Command: "/media/yanelox/Новый том/linux_work/ilab_2year/Tree/gtest/build/my_test" "--gtest_filter=TestTree_.Operator_assignment" "--gtest_also_run_disabled_tests"
Directory: /media/yanelox/Новый том/linux_work/ilab_2year/Tree/gtest/build
"TestTree_.Operator_assignment" start time: Nov 02 01:35 MSK
Output:
----------------------------------------------------------
Running main() from /media/yanelox/Новый том/linux_work/ilab_2year/Tree/gtest/build/_deps/googletest-src/googletest/src/gtest_main.cc
Note: Google Test filter = TestTree_.Operator_assignment
[==========] Running 1 test from 1 test suite.
[----------] Global test environment set-up.
[----------] 1 test from TestTree_
[ RUN      ] TestTree_.Operator_assignment
[       OK ] TestTree_.Operator_assignment (1 ms)
[----------] 1 test from TestTree_ (1 ms total)

[----------] Global test environment tear-down
[==========] 1 test from 1 test suite ran. (1 ms total)
[  PASSED  ] 1 test.
<end of output>
Test time =   0.00 sec
----------------------------------------------------------
Test Passed.
"TestTree_.Operator_assignment" end time: Nov 02 01:35 MSK
"TestTree_.Operator_assignment" time elapsed: 00:00:00
----------------------------------------------------------

End testing: Nov 02 01:35 MSK
